Traceback (most recent call last):
  File "C:\Users\gyang\anaconda3\Lib\site-packages\jupyter_cache\executors\utils.py", line 58, in single_nb_execution
    executenb(
  File "C:\Users\gyang\anaconda3\Lib\site-packages\nbclient\client.py", line 1305, in execute
    return NotebookClient(nb=nb, resources=resources, km=km, **kwargs).execute()
           ^^^^^^^^^^^^^^^^^^^^^^^^^^^^^^^^^^^^^^^^^^^^^^^^^^^^^^^^^^^^^^^^^^^^^
  File "C:\Users\gyang\anaconda3\Lib\site-packages\jupyter_core\utils\__init__.py", line 173, in wrapped
    return loop.run_until_complete(inner)
           ^^^^^^^^^^^^^^^^^^^^^^^^^^^^^^
  File "C:\Users\gyang\anaconda3\Lib\asyncio\base_events.py", line 653, in run_until_complete
    return future.result()
           ^^^^^^^^^^^^^^^
  File "C:\Users\gyang\anaconda3\Lib\site-packages\nbclient\client.py", line 705, in async_execute
    await self.async_execute_cell(
  File "C:\Users\gyang\anaconda3\Lib\site-packages\nbclient\client.py", line 1058, in async_execute_cell
    await self._check_raise_for_error(cell, cell_index, exec_reply)
  File "C:\Users\gyang\anaconda3\Lib\site-packages\nbclient\client.py", line 914, in _check_raise_for_error
    raise CellExecutionError.from_cell_and_msg(cell, exec_reply_content)
nbclient.exceptions.CellExecutionError: An error occurred while executing the following cell:
------------------
import numpy as np
import matplotlib.pyplot as plt
from scipy.io import wavfile
from IPython.display import Audio

audio_path = '../audio/100624_Gyan_Heartbeat_3Pulmonic_1.wav' 
sample_rate, data = wavfile.read(audio_path)

data = data/data.max()
audio = Audio(audio_path)
display(audio)

time_vec = np.arange(0, len(data), sample_rate)
plt.figure(figsize=(14, 5))
plt.plot(time_vec, data)
plt.title('Waveform of the Audio File')
plt.xlabel('Time (s)')
plt.ylabel('Amplitude')
plt.show()
------------------


[1;31m---------------------------------------------------------------------------[0m
[1;31mValueError[0m                                Traceback (most recent call last)
Cell [1;32mIn[1], line 15[0m
[0;32m     13[0m time_vec [38;5;241m=[39m np[38;5;241m.[39marange([38;5;241m0[39m, [38;5;28mlen[39m(data), sample_rate)
[0;32m     14[0m plt[38;5;241m.[39mfigure(figsize[38;5;241m=[39m([38;5;241m14[39m, [38;5;241m5[39m))
[1;32m---> 15[0m plt[38;5;241m.[39mplot(time_vec, data)
[0;32m     16[0m plt[38;5;241m.[39mtitle([38;5;124m'[39m[38;5;124mWaveform of the Audio File[39m[38;5;124m'[39m)
[0;32m     17[0m plt[38;5;241m.[39mxlabel([38;5;124m'[39m[38;5;124mTime (s)[39m[38;5;124m'[39m)

File [1;32m~\anaconda3\Lib\site-packages\matplotlib\pyplot.py:3578[0m, in [0;36mplot[1;34m(scalex, scaley, data, *args, **kwargs)[0m
[0;32m   3570[0m [38;5;129m@_copy_docstring_and_deprecators[39m(Axes[38;5;241m.[39mplot)
[0;32m   3571[0m [38;5;28;01mdef[39;00m [38;5;21mplot[39m(
[0;32m   3572[0m     [38;5;241m*[39margs: [38;5;28mfloat[39m [38;5;241m|[39m ArrayLike [38;5;241m|[39m [38;5;28mstr[39m,
[1;32m   (...)[0m
[0;32m   3576[0m     [38;5;241m*[39m[38;5;241m*[39mkwargs,
[0;32m   3577[0m ) [38;5;241m-[39m[38;5;241m>[39m [38;5;28mlist[39m[Line2D]:
[1;32m-> 3578[0m     [38;5;28;01mreturn[39;00m gca()[38;5;241m.[39mplot(
[0;32m   3579[0m         [38;5;241m*[39margs,
[0;32m   3580[0m         scalex[38;5;241m=[39mscalex,
[0;32m   3581[0m         scaley[38;5;241m=[39mscaley,
[0;32m   3582[0m         [38;5;241m*[39m[38;5;241m*[39m({[38;5;124m"[39m[38;5;124mdata[39m[38;5;124m"[39m: data} [38;5;28;01mif[39;00m data [38;5;129;01mis[39;00m [38;5;129;01mnot[39;00m [38;5;28;01mNone[39;00m [38;5;28;01melse[39;00m {}),
[0;32m   3583[0m         [38;5;241m*[39m[38;5;241m*[39mkwargs,
[0;32m   3584[0m     )

File [1;32m~\anaconda3\Lib\site-packages\matplotlib\axes\_axes.py:1721[0m, in [0;36mAxes.plot[1;34m(self, scalex, scaley, data, *args, **kwargs)[0m
[0;32m   1478[0m [38;5;250m[39m[38;5;124;03m"""[39;00m
[0;32m   1479[0m [38;5;124;03mPlot y versus x as lines and/or markers.[39;00m
[0;32m   1480[0m 
[1;32m   (...)[0m
[0;32m   1718[0m [38;5;124;03m(``'green'``) or hex strings (``'#008000'``).[39;00m
[0;32m   1719[0m [38;5;124;03m"""[39;00m
[0;32m   1720[0m kwargs [38;5;241m=[39m cbook[38;5;241m.[39mnormalize_kwargs(kwargs, mlines[38;5;241m.[39mLine2D)
[1;32m-> 1721[0m lines [38;5;241m=[39m [[38;5;241m*[39m[38;5;28mself[39m[38;5;241m.[39m_get_lines([38;5;28mself[39m, [38;5;241m*[39margs, data[38;5;241m=[39mdata, [38;5;241m*[39m[38;5;241m*[39mkwargs)]
[0;32m   1722[0m [38;5;28;01mfor[39;00m line [38;5;129;01min[39;00m lines:
[0;32m   1723[0m     [38;5;28mself[39m[38;5;241m.[39madd_line(line)

File [1;32m~\anaconda3\Lib\site-packages\matplotlib\axes\_base.py:303[0m, in [0;36m_process_plot_var_args.__call__[1;34m(self, axes, data, *args, **kwargs)[0m
[0;32m    301[0m     this [38;5;241m+[39m[38;5;241m=[39m args[[38;5;241m0[39m],
[0;32m    302[0m     args [38;5;241m=[39m args[[38;5;241m1[39m:]
[1;32m--> 303[0m [38;5;28;01myield from[39;00m [38;5;28mself[39m[38;5;241m.[39m_plot_args(
[0;32m    304[0m     axes, this, kwargs, ambiguous_fmt_datakey[38;5;241m=[39mambiguous_fmt_datakey)

File [1;32m~\anaconda3\Lib\site-packages\matplotlib\axes\_base.py:499[0m, in [0;36m_process_plot_var_args._plot_args[1;34m(self, axes, tup, kwargs, return_kwargs, ambiguous_fmt_datakey)[0m
[0;32m    496[0m     axes[38;5;241m.[39myaxis[38;5;241m.[39mupdate_units(y)
[0;32m    498[0m [38;5;28;01mif[39;00m x[38;5;241m.[39mshape[[38;5;241m0[39m] [38;5;241m!=[39m y[38;5;241m.[39mshape[[38;5;241m0[39m]:
[1;32m--> 499[0m     [38;5;28;01mraise[39;00m [38;5;167;01mValueError[39;00m([38;5;124mf[39m[38;5;124m"[39m[38;5;124mx and y must have same first dimension, but [39m[38;5;124m"[39m
[0;32m    500[0m                      [38;5;124mf[39m[38;5;124m"[39m[38;5;124mhave shapes [39m[38;5;132;01m{[39;00mx[38;5;241m.[39mshape[38;5;132;01m}[39;00m[38;5;124m and [39m[38;5;132;01m{[39;00my[38;5;241m.[39mshape[38;5;132;01m}[39;00m[38;5;124m"[39m)
[0;32m    501[0m [38;5;28;01mif[39;00m x[38;5;241m.[39mndim [38;5;241m>[39m [38;5;241m2[39m [38;5;129;01mor[39;00m y[38;5;241m.[39mndim [38;5;241m>[39m [38;5;241m2[39m:
[0;32m    502[0m     [38;5;28;01mraise[39;00m [38;5;167;01mValueError[39;00m([38;5;124mf[39m[38;5;124m"[39m[38;5;124mx and y can be no greater than 2D, but have [39m[38;5;124m"[39m
[0;32m    503[0m                      [38;5;124mf[39m[38;5;124m"[39m[38;5;124mshapes [39m[38;5;132;01m{[39;00mx[38;5;241m.[39mshape[38;5;132;01m}[39;00m[38;5;124m and [39m[38;5;132;01m{[39;00my[38;5;241m.[39mshape[38;5;132;01m}[39;00m[38;5;124m"[39m)

[1;31mValueError[0m: x and y must have same first dimension, but have shapes (51,) and (2412294, 2)

